<?xml version="1.0" encoding="UTF-8"?>
<testsuite name="com.example.demo.Kef4eApplicationTests" tests="1" skipped="0" failures="0" errors="0" timestamp="2023-09-30T18:04:32" hostname="Dimitars-MacBook-Air.local" time="0.381">
  <properties/>
  <testcase name="contextLoads()" classname="com.example.demo.Kef4eApplicationTests" time="0.381"/>
  <system-out><![CDATA[21:04:31.471 [Test worker] INFO org.springframework.test.context.support.AnnotationConfigContextLoaderUtils -- Could not detect default configuration classes for test class [com.example.demo.Kef4eApplicationTests]: Kef4eApplicationTests does not declare any static, non-private, non-final, nested classes annotated with @Configuration.
21:04:31.508 [Test worker] INFO org.springframework.boot.test.context.SpringBootTestContextBootstrapper -- Found @SpringBootConfiguration com.example.demo.Frontend for test class com.example.demo.Kef4eApplicationTests

  .   ____          _            __ _ _
 /\\ / ___'_ __ _ _(_)_ __  __ _ \ \ \ \
( ( )\___ | '_ | '_| | '_ \/ _` | \ \ \ \
 \\/  ___)| |_)| | | | | || (_| |  ) ) ) )
  '  |____| .__|_| |_|_| |_\__, | / / / /
 =========|_|==============|___/=/_/_/_/
 :: Spring Boot ::                (v3.1.4)

2023-09-30T21:04:31.644+03:00  INFO 11198 --- [    Test worker] com.example.demo.Kef4eApplicationTests   : Starting Kef4eApplicationTests using Java 17.0.8.1 with PID 11198 (started by dimitar.dobrev in /Users/dimitar.dobrev/Desktop/Kef4e/Frontend)
2023-09-30T21:04:31.645+03:00  INFO 11198 --- [    Test worker] com.example.demo.Kef4eApplicationTests   : No active profile set, falling back to 1 default profile: "default"
2023-09-30T21:04:32.034+03:00  INFO 11198 --- [    Test worker] com.example.demo.Kef4eApplicationTests   : Started Kef4eApplicationTests in 0.475 seconds (process running for 0.892)
]]></system-out>
  <system-err><![CDATA[]]></system-err>
</testsuite>
