<?xml version="1.0" encoding="UTF-8"?>
<testsuite name="com.example.demo.Kef4eApplicationTests" tests="1" skipped="0" failures="0" errors="0" timestamp="2023-09-30T14:27:02" hostname="Dimitars-MacBook-Air.local" time="0.359">
  <properties/>
  <testcase name="contextLoads()" classname="com.example.demo.Kef4eApplicationTests" time="0.359"/>
  <system-out><![CDATA[17:27:02.151 [Test worker] INFO org.springframework.test.context.support.AnnotationConfigContextLoaderUtils -- Could not detect default configuration classes for test class [com.example.demo.Kef4eApplicationTests]: Kef4eApplicationTests does not declare any static, non-private, non-final, nested classes annotated with @Configuration.
17:27:02.189 [Test worker] INFO org.springframework.boot.test.context.SpringBootTestContextBootstrapper -- Found @SpringBootConfiguration com.example.demo.Frontend for test class com.example.demo.Kef4eApplicationTests

  .   ____          _            __ _ _
 /\\ / ___'_ __ _ _(_)_ __  __ _ \ \ \ \
( ( )\___ | '_ | '_| | '_ \/ _` | \ \ \ \
 \\/  ___)| |_)| | | | | || (_| |  ) ) ) )
  '  |____| .__|_| |_|_| |_\__, | / / / /
 =========|_|==============|___/=/_/_/_/
 :: Spring Boot ::                (v3.1.4)

2023-09-30T17:27:02.356+03:00  INFO 7794 --- [    Test worker] com.example.demo.Kef4eApplicationTests   : Starting Kef4eApplicationTests using Java 17.0.8.1 with PID 7794 (started by dimitar.dobrev in /Users/dimitar.dobrev/Desktop/Kef4e/Frontend)
2023-09-30T17:27:02.357+03:00  INFO 7794 --- [    Test worker] com.example.demo.Kef4eApplicationTests   : No active profile set, falling back to 1 default profile: "default"
2023-09-30T17:27:02.817+03:00  INFO 7794 --- [    Test worker] com.example.demo.Kef4eApplicationTests   : Started Kef4eApplicationTests in 0.567 seconds (process running for 1.012)
]]></system-out>
  <system-err><![CDATA[]]></system-err>
</testsuite>
