<?xml version="1.0" encoding="UTF-8"?>
<testsuite name="com.example.demo.Kef4eApplicationTests" tests="1" skipped="0" failures="0" errors="0" timestamp="2023-12-10T18:55:30" hostname="SIX" time="1.309">
  <properties/>
  <testcase name="contextLoads()" classname="com.example.demo.Kef4eApplicationTests" time="1.309"/>
  <system-out><![CDATA[20:55:27.270 [Test worker] INFO org.springframework.test.context.support.AnnotationConfigContextLoaderUtils -- Could not detect default configuration classes for test class [com.example.demo.Kef4eApplicationTests]: Kef4eApplicationTests does not declare any static, non-private, non-final, nested classes annotated with @Configuration.
20:55:27.444 [Test worker] INFO org.springframework.boot.test.context.SpringBootTestContextBootstrapper -- Found @SpringBootConfiguration com.example.demo.Frontend for test class com.example.demo.Kef4eApplicationTests

  .   ____          _            __ _ _
 /\\ / ___'_ __ _ _(_)_ __  __ _ \ \ \ \
( ( )\___ | '_ | '_| | '_ \/ _` | \ \ \ \
 \\/  ___)| |_)| | | | | || (_| |  ) ) ) )
  '  |____| .__|_| |_|_| |_\__, | / / / /
 =========|_|==============|___/=/_/_/_/
 :: Spring Boot ::                (v3.1.4)

2023-12-10T20:55:28.132+02:00  INFO 11280 --- [    Test worker] com.example.demo.Kef4eApplicationTests   : Starting Kef4eApplicationTests using Java 19.0.2 with PID 11280 (started by amd in C:\Users\amd\Desktop\Kef4e\Frontend)
2023-12-10T20:55:28.135+02:00  INFO 11280 --- [    Test worker] com.example.demo.Kef4eApplicationTests   : No active profile set, falling back to 1 default profile: "default"
2023-12-10T20:55:30.084+02:00  INFO 11280 --- [    Test worker] com.example.demo.Kef4eApplicationTests   : Started Kef4eApplicationTests in 2.37 seconds (process running for 4.354)
]]></system-out>
  <system-err><![CDATA[]]></system-err>
</testsuite>
